<?xml version="1.0" encoding="UTF-8"?>
<testng-results ignored="0" total="1" passed="1" failed="0" skipped="0">
  <reporter-output>
  </reporter-output>
  <suite started-at="2021-08-01T10:54:25 IST" name="Default suite" finished-at="2021-08-01T10:54:53 IST" duration-ms="28708">
    <groups>
    </groups>
    <test started-at="2021-08-01T10:54:25 IST" name="Default test" finished-at="2021-08-01T10:54:53 IST" duration-ms="28708">
      <class name="TC_001.TC_FlipKart">
        <test-method signature="setup()[pri:0, instance:TC_001.TC_FlipKart@3e6ef8ad]" started-at="2021-08-01T10:54:25 IST" name="setup" finished-at="2021-08-01T10:54:53 IST" duration-ms="28530" status="PASS">
          <reporter-output>
          </reporter-output>
        </test-method> <!-- setup -->
      </class> <!-- TC_001.TC_FlipKart -->
    </test> <!-- Default test -->
  </suite> <!-- Default suite -->
</testng-results>
